2018-11-05 12:48:25,004 INFO o.a.j.u.JMeterUtils: Setting Locale to en_EN
2018-11-05 12:48:25,112 INFO o.a.j.JMeter: Loading user properties from: /usr/local/Cellar/jmeter/4.0/libexec/bin/user.properties
2018-11-05 12:48:25,131 INFO o.a.j.JMeter: Loading system properties from: /usr/local/Cellar/jmeter/4.0/libexec/bin/system.properties
2018-11-05 12:48:25,138 INFO o.a.j.JMeter: Copyright (c) 1998-2018 The Apache Software Foundation
2018-11-05 12:48:25,138 INFO o.a.j.JMeter: Version 4.0 r1823414
2018-11-05 12:48:25,138 INFO o.a.j.JMeter: java.version=1.8.0_152
2018-11-05 12:48:25,138 INFO o.a.j.JMeter: java.vm.name=Java HotSpot(TM) 64-Bit Server VM
2018-11-05 12:48:25,138 INFO o.a.j.JMeter: os.name=Mac OS X
2018-11-05 12:48:25,138 INFO o.a.j.JMeter: os.arch=x86_64
2018-11-05 12:48:25,138 INFO o.a.j.JMeter: os.version=10.13.5
2018-11-05 12:48:25,138 INFO o.a.j.JMeter: file.encoding=UTF-8
2018-11-05 12:48:25,138 INFO o.a.j.JMeter: Max memory     =1073741824
2018-11-05 12:48:25,138 INFO o.a.j.JMeter: Available Processors =8
2018-11-05 12:48:25,145 INFO o.a.j.JMeter: Default Locale=English (EN)
2018-11-05 12:48:25,146 INFO o.a.j.JMeter: JMeter  Locale=English (EN)
2018-11-05 12:48:25,146 INFO o.a.j.JMeter: JMeterHome=/usr/local/Cellar/jmeter/4.0/libexec
2018-11-05 12:48:25,146 INFO o.a.j.JMeter: user.dir  =/Users/liuxi09/Documents/gosfunew/client
2018-11-05 12:48:25,146 INFO o.a.j.JMeter: PWD       =/Users/liuxi09/Documents/gosfunew/client
2018-11-05 12:48:25,148 INFO o.a.j.JMeter: IP: 10.137.232.135 Name: liuxi09mac1329 FullName: liuxi09mac1329.ca.com
2018-11-05 12:48:31,965 INFO o.a.j.g.a.LookAndFeelCommand: Installing Darcula LAF
2018-11-05 12:48:31,988 INFO o.a.j.g.a.LookAndFeelCommand: Using look and feel: com.bulenkov.darcula.DarculaLaf [Darcula]
2018-11-05 12:48:31,989 INFO o.a.j.JMeter: Setting LAF to: com.bulenkov.darcula.DarculaLaf
2018-11-05 12:48:32,083 INFO o.a.j.JMeter: Loaded icon properties from org/apache/jmeter/images/icon.properties
2018-11-05 12:48:33,588 INFO o.a.j.e.u.CompoundVariable: Note: Function class names must contain the string: '.functions.'
2018-11-05 12:48:33,588 INFO o.a.j.e.u.CompoundVariable: Note: Function class names must not contain the string: '.gui.'
2018-11-05 12:48:34,797 INFO k.a.j.JMeterPluginsUtils: JMeter-Plugins.org v.1.4.0
2018-11-05 12:48:35,838 INFO n.x.g.ConnectionSamplerUI: Initializing the UI.
2018-11-05 12:48:35,848 INFO n.x.g.PubSamplerUI: Initializing the UI.
2018-11-05 12:48:35,856 INFO n.x.g.SubSamplerUI: Initializing the UI.
2018-11-05 12:48:36,162 INFO o.a.j.p.h.s.HTTPSamplerBase: Parser for text/html is org.apache.jmeter.protocol.http.parser.LagartoBasedHtmlParser
2018-11-05 12:48:36,162 INFO o.a.j.p.h.s.HTTPSamplerBase: Parser for application/xhtml+xml is org.apache.jmeter.protocol.http.parser.LagartoBasedHtmlParser
2018-11-05 12:48:36,162 INFO o.a.j.p.h.s.HTTPSamplerBase: Parser for application/xml is org.apache.jmeter.protocol.http.parser.LagartoBasedHtmlParser
2018-11-05 12:48:36,162 INFO o.a.j.p.h.s.HTTPSamplerBase: Parser for text/xml is org.apache.jmeter.protocol.http.parser.LagartoBasedHtmlParser
2018-11-05 12:48:36,162 INFO o.a.j.p.h.s.HTTPSamplerBase: Parser for text/vnd.wap.wml is org.apache.jmeter.protocol.http.parser.RegexpHTMLParser
2018-11-05 12:48:36,162 INFO o.a.j.p.h.s.HTTPSamplerBase: Parser for text/css is org.apache.jmeter.protocol.http.parser.CssParser
2018-11-05 12:48:36,835 INFO o.a.j.e.KeyToolUtils: keytool found at 'keytool'
2018-11-05 12:48:36,836 INFO o.a.j.p.h.p.ProxyControl: HTTP(S) Test Script Recorder SSL Proxy will use keys that support embedded 3rd party resources in file /usr/local/Cellar/jmeter/4.0/libexec/bin/proxyserver.jks
2018-11-05 12:48:37,001 INFO o.a.j.s.FileServer: Default base='/Users/liuxi09/Documents/gosfunew/client'
2018-11-05 12:48:37,306 INFO o.a.j.s.SampleResult: Note: Sample TimeStamps are START times
2018-11-05 12:48:37,306 INFO o.a.j.s.SampleResult: sampleresult.default.encoding is set to ISO-8859-1
2018-11-05 12:48:37,306 INFO o.a.j.s.SampleResult: sampleresult.useNanoTime=true
2018-11-05 12:48:37,306 INFO o.a.j.s.SampleResult: sampleresult.nanoThreadSleep=5000
2018-11-06 15:55:18,047 INFO o.a.j.g.a.Load: Loading file: /Users/liuxi09/Documents/Github/MagRegistrationHelper/jmxs/mag-register-dynamic.jmx
2018-11-06 15:55:18,067 INFO o.a.j.s.FileServer: Set new base='/Users/liuxi09/Documents/Github/MagRegistrationHelper/jmxs'
2018-11-06 15:55:18,463 INFO o.a.j.s.SaveService: Testplan (JMX) version: 2.2. Testlog (JTL) version: 2.2
2018-11-06 15:55:18,515 INFO o.a.j.s.SaveService: Using SaveService properties file encoding UTF-8
2018-11-06 15:55:18,520 INFO o.a.j.s.SaveService: Using SaveService properties version 4.0
2018-11-06 15:55:18,523 INFO o.a.j.s.SaveService: Loading file: /Users/liuxi09/Documents/Github/MagRegistrationHelper/jmxs/mag-register-dynamic.jmx
2018-11-06 15:55:19,077 INFO o.a.j.s.FileServer: Set new base='/Users/liuxi09/Documents/Github/MagRegistrationHelper/jmxs'
2018-11-06 15:55:22,617 INFO o.a.j.g.a.Load: Loading file: /Users/liuxi09/Documents/Github/MagRegistrationHelper/jmxs/mag-issue-password.jmx
2018-11-06 15:55:22,617 INFO o.a.j.s.FileServer: Set new base='/Users/liuxi09/Documents/Github/MagRegistrationHelper/jmxs'
2018-11-06 15:55:22,617 INFO o.a.j.s.SaveService: Loading file: /Users/liuxi09/Documents/Github/MagRegistrationHelper/jmxs/mag-issue-password.jmx
2018-11-06 15:55:23,003 INFO o.a.j.s.FileServer: Set new base='/Users/liuxi09/Documents/Github/MagRegistrationHelper/jmxs'
2018-11-06 15:55:27,235 INFO o.a.j.g.a.Load: Loading file: /Users/liuxi09/Documents/Github/MagRegistrationHelper/jmxs/mag-register-client.jmx
2018-11-06 15:55:27,235 INFO o.a.j.s.FileServer: Set new base='/Users/liuxi09/Documents/Github/MagRegistrationHelper/jmxs'
2018-11-06 15:55:27,235 INFO o.a.j.s.SaveService: Loading file: /Users/liuxi09/Documents/Github/MagRegistrationHelper/jmxs/mag-register-client.jmx
2018-11-06 15:55:27,333 INFO o.a.j.s.FileServer: Set new base='/Users/liuxi09/Documents/Github/MagRegistrationHelper/jmxs'
